#
# There is insufficient memory for the Java Runtime Environment to continue.
# Native memory allocation (malloc) failed to allocate 32744 bytes for ChunkPool::allocate
# Possible reasons:
#   The system is out of physical RAM or swap space
#   The process is running with CompressedOops enabled, and the Java Heap may be blocking the growth of the native heap
# Possible solutions:
#   Reduce memory load on the system
#   Increase physical memory or swap space
#   Check if swap backing store is full
#   Decrease Java heap size (-Xmx/-Xms)
#   Decrease number of Java threads
#   Decrease Java thread stack sizes (-Xss)
#   Set larger code cache with -XX:ReservedCodeCacheSize=
#   JVM is running with Zero Based Compressed Oops mode in which the Java heap is
#     placed in the first 32GB address space. The Java Heap base address is the
#     maximum limit for the native heap growth. Please use -XX:HeapBaseMinAddress
#     to set the Java Heap base and to place the Java Heap above 32GB virtual address.
# This output file may be truncated or incomplete.
#
#  Out of Memory Error (arena.cpp:81), pid=3841, tid=3853
#
# JRE version: OpenJDK Runtime Environment (11.0.9.1+1) (build 11.0.9.1+1-post-Debian-1deb10u2)
# Java VM: OpenJDK 64-Bit Server VM (11.0.9.1+1-post-Debian-1deb10u2, mixed mode, sharing, tiered, compressed oops, g1 gc, linux-amd64)
# No core dump will be written. Core dumps have been disabled. To enable core dumping, try "ulimit -c unlimited" before starting Java again
#

---------------  S U M M A R Y ------------

Command Line: /home/joonas/dev/odoo/venv/lib/python3.7/site-packages/jingtrang/jing.jar /home/joonas/dev/odoo/odoo/import_xml.rng /home/joonas/dev/odoo/addons/stock/wizard/stock_picking_file.xml

Host: Intel(R) Core(TM) i5-6500 CPU @ 3.20GHz, 4 cores, 15G, Debian GNU/Linux 10 (buster)
Time: Mon Apr 26 11:40:49 2021 UTC elapsed time: 0.019505 seconds (0d 0h 0m 0s)

---------------  T H R E A D  ---------------

Current thread (0x00007fb9a01f2000):  JavaThread "C1 CompilerThread0" daemon [_thread_in_native, id=3853, stack(0x00007fb97d82e000,0x00007fb97d92f000)]


Current CompileTask:
C1:     19   12   !   3       java.util.concurrent.ConcurrentHashMap::putVal (432 bytes)

Stack: [0x00007fb97d82e000,0x00007fb97d92f000],  sp=0x00007fb97d92cbf0,  free space=1018k
Native frames: (J=compiled Java code, A=aot compiled Java code, j=interpreted, Vv=VM code, C=native code)
V  [libjvm.so+0xe163aa]
V  [libjvm.so+0xe1706b]
V  [libjvm.so+0x649af5]
V  [libjvm.so+0x3f96e2]
V  [libjvm.so+0x3f9082]
V  [libjvm.so+0x45c0d2]
V  [libjvm.so+0x4ee88d]
V  [libjvm.so+0x4fc769]
V  [libjvm.so+0x486bfb]
V  [libjvm.so+0x487c3f]
V  [libjvm.so+0x487ef8]
V  [libjvm.so+0x48837f]
V  [libjvm.so+0x488cd9]
V  [libjvm.so+0x5fd9d7]
V  [libjvm.so+0x5fecf8]
V  [libjvm.so+0xdb4bd0]
V  [libjvm.so+0xdb0a89]
V  [libjvm.so+0xb75f1e]


---------------  P R O C E S S  ---------------

Threads class SMR info:
_java_thread_list=0x00007fb9a01f5b30, length=7, elements={
0x00007fb9a0016000, 0x00007fb9a01e6800, 0x00007fb9a01e8800, 0x00007fb9a01ee000,
0x00007fb9a01f0000, 0x00007fb9a01f2000, 0x00007fb9a01f4000
}

Java Threads: ( => current thread )
  0x00007fb9a0016000 JavaThread "main" [_thread_in_vm, id=3842, stack(0x00007fb9a64e8000,0x00007fb9a65e9000)]
  0x00007fb9a01e6800 JavaThread "Reference Handler" daemon [_thread_blocked, id=3849, stack(0x00007fb9885ba000,0x00007fb9886bb000)]
  0x00007fb9a01e8800 JavaThread "Finalizer" daemon [_thread_blocked, id=3850, stack(0x00007fb9884b9000,0x00007fb9885ba000)]
  0x00007fb9a01ee000 JavaThread "Signal Dispatcher" daemon [_thread_blocked, id=3851, stack(0x00007fb9880d3000,0x00007fb9881d4000)]
  0x00007fb9a01f0000 JavaThread "C2 CompilerThread0" daemon [_thread_blocked, id=3852, stack(0x00007fb97d92f000,0x00007fb97da30000)]
=>0x00007fb9a01f2000 JavaThread "C1 CompilerThread0" daemon [_thread_in_native, id=3853, stack(0x00007fb97d82e000,0x00007fb97d92f000)]
  0x00007fb9a01f4000 JavaThread "Sweeper thread" daemon [_thread_blocked, id=3854, stack(0x00007fb97d72d000,0x00007fb97d82e000)]

Other Threads:
  0x00007fb9a01e3800 VMThread "VM Thread" [stack: 0x00007fb9886bd000,0x00007fb9887bd000] [id=3848]
  0x00007fb9a002d800 GCTaskThread "GC Thread#0" [stack: 0x00007fb9a61a5000,0x00007fb9a62a5000] [id=3843]
  0x00007fb9a0064800 ConcurrentGCThread "G1 Main Marker" [stack: 0x00007fb9a4f3d000,0x00007fb9a503d000] [id=3844]
  0x00007fb9a0066800 ConcurrentGCThread "G1 Conc#0" [stack: 0x00007fb9a4e3b000,0x00007fb9a4f3b000] [id=3845]
  0x00007fb9a0148000 ConcurrentGCThread "G1 Refine#0" [stack: 0x00007fb9a4935000,0x00007fb9a4a35000] [id=3846]
  0x00007fb9a014a000 ConcurrentGCThread "G1 Young RemSet Sampling" [stack: 0x00007fb9a4833000,0x00007fb9a4933000] [id=3847]

Threads with active compile tasks:
C1 CompilerThread0     19   12   !   3       java.util.concurrent.ConcurrentHashMap::(null) (432 bytes)

VM state:not at safepoint (normal execution)

VM Mutex/Monitor currently owned by a thread: None

Heap address: 0x0000000774600000, size: 2234 MB, Compressed Oops mode: Zero based, Oop shift amount: 3
Narrow klass base: 0x0000000800000000, Narrow klass shift: 3
Compressed class space size: 1073741824 Address: 0x0000000840000000

Heap:
 garbage-first heap   total 258048K, used 712K [0x0000000774600000, 0x0000000800000000)
  region size 1024K, 1 young (1024K), 0 survivors (0K)
 Metaspace       used 80K, capacity 4480K, committed 4480K, reserved 1056768K
  class space    used 1K, capacity 384K, committed 384K, reserved 1048576K
Heap Regions: E=young(eden), S=young(survivor), O=old, HS=humongous(starts), HC=humongous(continues), CS=collection set, F=free, A=archive, TAMS=top-at-mark-start (previous, next)
|   0|0x0000000774600000, 0x0000000774600000, 0x0000000774700000|  0%| F|  |TAMS 0x0000000774600000, 0x0000000774600000| Untracked 
|   1|0x0000000774700000, 0x0000000774700000, 0x0000000774800000|  0%| F|  |TAMS 0x0000000774700000, 0x0000000774700000| Untracked 
|   2|0x0000000774800000, 0x0000000774800000, 0x0000000774900000|  0%| F|  |TAMS 0x0000000774800000, 0x0000000774800000| Untracked 
|   3|0x0000000774900000, 0x0000000774900000, 0x0000000774a00000|  0%| F|  |TAMS 0x0000000774900000, 0x0000000774900000| Untracked 
|   4|0x0000000774a00000, 0x0000000774a00000, 0x0000000774b00000|  0%| F|  |TAMS 0x0000000774a00000, 0x0000000774a00000| Untracked 
|   5|0x0000000774b00000, 0x0000000774b00000, 0x0000000774c00000|  0%| F|  |TAMS 0x0000000774b00000, 0x0000000774b00000| Untracked 
|   6|0x0000000774c00000, 0x0000000774c00000, 0x0000000774d00000|  0%| F|  |TAMS 0x0000000774c00000, 0x0000000774c00000| Untracked 
|   7|0x0000000774d00000, 0x0000000774d00000, 0x0000000774e00000|  0%| F|  |TAMS 0x0000000774d00000, 0x0000000774d00000| Untracked 
|   8|0x0000000774e00000, 0x0000000774e00000, 0x0000000774f00000|  0%| F|  |TAMS 0x0000000774e00000, 0x0000000774e00000| Untracked 
|   9|0x0000000774f00000, 0x0000000774f00000, 0x0000000775000000|  0%| F|  |TAMS 0x0000000774f00000, 0x0000000774f00000| Untracked 
|  10|0x0000000775000000, 0x0000000775000000, 0x0000000775100000|  0%| F|  |TAMS 0x0000000775000000, 0x0000000775000000| Untracked 
|  11|0x0000000775100000, 0x0000000775100000, 0x0000000775200000|  0%| F|  |TAMS 0x0000000775100000, 0x0000000775100000| Untracked 
|  12|0x0000000775200000, 0x0000000775200000, 0x0000000775300000|  0%| F|  |TAMS 0x0000000775200000, 0x0000000775200000| Untracked 
|  13|0x0000000775300000, 0x0000000775300000, 0x0000000775400000|  0%| F|  |TAMS 0x0000000775300000, 0x0000000775300000| Untracked 
|  14|0x0000000775400000, 0x0000000775400000, 0x0000000775500000|  0%| F|  |TAMS 0x0000000775400000, 0x0000000775400000| Untracked 
|  15|0x0000000775500000, 0x0000000775500000, 0x0000000775600000|  0%| F|  |TAMS 0x0000000775500000, 0x0000000775500000| Untracked 
|  16|0x0000000775600000, 0x0000000775600000, 0x0000000775700000|  0%| F|  |TAMS 0x0000000775600000, 0x0000000775600000| Untracked 
|  17|0x0000000775700000, 0x0000000775700000, 0x0000000775800000|  0%| F|  |TAMS 0x0000000775700000, 0x0000000775700000| Untracked 
|  18|0x0000000775800000, 0x0000000775800000, 0x0000000775900000|  0%| F|  |TAMS 0x0000000775800000, 0x0000000775800000| Untracked 
|  19|0x0000000775900000, 0x0000000775900000, 0x0000000775a00000|  0%| F|  |TAMS 0x0000000775900000, 0x0000000775900000| Untracked 
|  20|0x0000000775a00000, 0x0000000775a00000, 0x0000000775b00000|  0%| F|  |TAMS 0x0000000775a00000, 0x0000000775a00000| Untracked 
|  21|0x0000000775b00000, 0x0000000775b00000, 0x0000000775c00000|  0%| F|  |TAMS 0x0000000775b00000, 0x0000000775b00000| Untracked 
|  22|0x0000000775c00000, 0x0000000775c00000, 0x0000000775d00000|  0%| F|  |TAMS 0x0000000775c00000, 0x0000000775c00000| Untracked 
|  23|0x0000000775d00000, 0x0000000775d00000, 0x0000000775e00000|  0%| F|  |TAMS 0x0000000775d00000, 0x0000000775d00000| Untracked 
|  24|0x0000000775e00000, 0x0000000775e00000, 0x0000000775f00000|  0%| F|  |TAMS 0x0000000775e00000, 0x0000000775e00000| Untracked 
|  25|0x0000000775f00000, 0x0000000775f00000, 0x0000000776000000|  0%| F|  |TAMS 0x0000000775f00000, 0x0000000775f00000| Untracked 
|  26|0x0000000776000000, 0x0000000776000000, 0x0000000776100000|  0%| F|  |TAMS 0x0000000776000000, 0x0000000776000000| Untracked 
|  27|0x0000000776100000, 0x0000000776100000, 0x0000000776200000|  0%| F|  |TAMS 0x0000000776100000, 0x0000000776100000| Untracked 
|  28|0x0000000776200000, 0x0000000776200000, 0x0000000776300000|  0%| F|  |TAMS 0x0000000776200000, 0x0000000776200000| Untracked 
|  29|0x0000000776300000, 0x0000000776300000, 0x0000000776400000|  0%| F|  |TAMS 0x0000000776300000, 0x0000000776300000| Untracked 
|  30|0x0000000776400000, 0x0000000776400000, 0x0000000776500000|  0%| F|  |TAMS 0x0000000776400000, 0x0000000776400000| Untracked 
|  31|0x0000000776500000, 0x0000000776500000, 0x0000000776600000|  0%| F|  |TAMS 0x0000000776500000, 0x0000000776500000| Untracked 
|  32|0x0000000776600000, 0x0000000776600000, 0x0000000776700000|  0%| F|  |TAMS 0x0000000776600000, 0x0000000776600000| Untracked 
|  33|0x0000000776700000, 0x0000000776700000, 0x0000000776800000|  0%| F|  |TAMS 0x0000000776700000, 0x0000000776700000| Untracked 
|  34|0x0000000776800000, 0x0000000776800000, 0x0000000776900000|  0%| F|  |TAMS 0x0000000776800000, 0x0000000776800000| Untracked 
|  35|0x0000000776900000, 0x0000000776900000, 0x0000000776a00000|  0%| F|  |TAMS 0x0000000776900000, 0x0000000776900000| Untracked 
|  36|0x0000000776a00000, 0x0000000776a00000, 0x0000000776b00000|  0%| F|  |TAMS 0x0000000776a00000, 0x0000000776a00000| Untracked 
|  37|0x0000000776b00000, 0x0000000776b00000, 0x0000000776c00000|  0%| F|  |TAMS 0x0000000776b00000, 0x0000000776b00000| Untracked 
|  38|0x0000000776c00000, 0x0000000776c00000, 0x0000000776d00000|  0%| F|  |TAMS 0x0000000776c00000, 0x0000000776c00000| Untracked 
|  39|0x0000000776d00000, 0x0000000776d00000, 0x0000000776e00000|  0%| F|  |TAMS 0x0000000776d00000, 0x0000000776d00000| Untracked 
|  40|0x0000000776e00000, 0x0000000776e00000, 0x0000000776f00000|  0%| F|  |TAMS 0x0000000776e00000, 0x0000000776e00000| Untracked 
|  41|0x0000000776f00000, 0x0000000776f00000, 0x0000000777000000|  0%| F|  |TAMS 0x0000000776f00000, 0x0000000776f00000| Untracked 
|  42|0x0000000777000000, 0x0000000777000000, 0x0000000777100000|  0%| F|  |TAMS 0x0000000777000000, 0x0000000777000000| Untracked 
|  43|0x0000000777100000, 0x0000000777100000, 0x0000000777200000|  0%| F|  |TAMS 0x0000000777100000, 0x0000000777100000| Untracked 
|  44|0x0000000777200000, 0x0000000777200000, 0x0000000777300000|  0%| F|  |TAMS 0x0000000777200000, 0x0000000777200000| Untracked 
|  45|0x0000000777300000, 0x0000000777300000, 0x0000000777400000|  0%| F|  |TAMS 0x0000000777300000, 0x0000000777300000| Untracked 
|  46|0x0000000777400000, 0x0000000777400000, 0x0000000777500000|  0%| F|  |TAMS 0x0000000777400000, 0x0000000777400000| Untracked 
|  47|0x0000000777500000, 0x0000000777500000, 0x0000000777600000|  0%| F|  |TAMS 0x0000000777500000, 0x0000000777500000| Untracked 
|  48|0x0000000777600000, 0x0000000777600000, 0x0000000777700000|  0%| F|  |TAMS 0x0000000777600000, 0x0000000777600000| Untracked 
|  49|0x0000000777700000, 0x0000000777700000, 0x0000000777800000|  0%| F|  |TAMS 0x0000000777700000, 0x0000000777700000| Untracked 
|  50|0x0000000777800000, 0x0000000777800000, 0x0000000777900000|  0%| F|  |TAMS 0x0000000777800000, 0x0000000777800000| Untracked 
|  51|0x0000000777900000, 0x0000000777900000, 0x0000000777a00000|  0%| F|  |TAMS 0x0000000777900000, 0x0000000777900000| Untracked 
|  52|0x0000000777a00000, 0x0000000777a00000, 0x0000000777b00000|  0%| F|  |TAMS 0x0000000777a00000, 0x0000000777a00000| Untracked 
|  53|0x0000000777b00000, 0x0000000777b00000, 0x0000000777c00000|  0%| F|  |TAMS 0x0000000777b00000, 0x0000000777b00000| Untracked 
|  54|0x0000000777c00000, 0x0000000777c00000, 0x0000000777d00000|  0%| F|  |TAMS 0x0000000777c00000, 0x0000000777c00000| Untracked 
|  55|0x0000000777d00000, 0x0000000777d00000, 0x0000000777e00000|  0%| F|  |TAMS 0x0000000777d00000, 0x0000000777d00000| Untracked 
|  56|0x0000000777e00000, 0x0000000777e00000, 0x0000000777f00000|  0%| F|  |TAMS 0x0000000777e00000, 0x0000000777e00000| Untracked 
|  57|0x0000000777f00000, 0x0000000777f00000, 0x0000000778000000|  0%| F|  |TAMS 0x0000000777f00000, 0x0000000777f00000| Untracked 
|  58|0x0000000778000000, 0x0000000778000000, 0x0000000778100000|  0%| F|  |TAMS 0x0000000778000000, 0x0000000778000000| Untracked 
|  59|0x0000000778100000, 0x0000000778100000, 0x0000000778200000|  0%| F|  |TAMS 0x0000000778100000, 0x0000000778100000| Untracked 
|  60|0x0000000778200000, 0x0000000778200000, 0x0000000778300000|  0%| F|  |TAMS 0x0000000778200000, 0x0000000778200000| Untracked 
|  61|0x0000000778300000, 0x0000000778300000, 0x0000000778400000|  0%| F|  |TAMS 0x0000000778300000, 0x0000000778300000| Untracked 
|  62|0x0000000778400000, 0x0000000778400000, 0x0000000778500000|  0%| F|  |TAMS 0x0000000778400000, 0x0000000778400000| Untracked 
|  63|0x0000000778500000, 0x0000000778500000, 0x0000000778600000|  0%| F|  |TAMS 0x0000000778500000, 0x0000000778500000| Untracked 
|  64|0x0000000778600000, 0x0000000778600000, 0x0000000778700000|  0%| F|  |TAMS 0x0000000778600000, 0x0000000778600000| Untracked 
|  65|0x0000000778700000, 0x0000000778700000, 0x0000000778800000|  0%| F|  |TAMS 0x0000000778700000, 0x0000000778700000| Untracked 
|  66|0x0000000778800000, 0x0000000778800000, 0x0000000778900000|  0%| F|  |TAMS 0x0000000778800000, 0x0000000778800000| Untracked 
|  67|0x0000000778900000, 0x0000000778900000, 0x0000000778a00000|  0%| F|  |TAMS 0x0000000778900000, 0x0000000778900000| Untracked 
|  68|0x0000000778a00000, 0x0000000778a00000, 0x0000000778b00000|  0%| F|  |TAMS 0x0000000778a00000, 0x0000000778a00000| Untracked 
|  69|0x0000000778b00000, 0x0000000778b00000, 0x0000000778c00000|  0%| F|  |TAMS 0x0000000778b00000, 0x0000000778b00000| Untracked 
|  70|0x0000000778c00000, 0x0000000778c00000, 0x0000000778d00000|  0%| F|  |TAMS 0x0000000778c00000, 0x0000000778c00000| Untracked 
|  71|0x0000000778d00000, 0x0000000778d00000, 0x0000000778e00000|  0%| F|  |TAMS 0x0000000778d00000, 0x0000000778d00000| Untracked 
|  72|0x0000000778e00000, 0x0000000778e00000, 0x0000000778f00000|  0%| F|  |TAMS 0x0000000778e00000, 0x0000000778e00000| Untracked 
|  73|0x0000000778f00000, 0x0000000778f00000, 0x0000000779000000|  0%| F|  |TAMS 0x0000000778f00000, 0x0000000778f00000| Untracked 
|  74|0x0000000779000000, 0x0000000779000000, 0x0000000779100000|  0%| F|  |TAMS 0x0000000779000000, 0x0000000779000000| Untracked 
|  75|0x0000000779100000, 0x0000000779100000, 0x0000000779200000|  0%| F|  |TAMS 0x0000000779100000, 0x0000000779100000| Untracked 
|  76|0x0000000779200000, 0x0000000779200000, 0x0000000779300000|  0%| F|  |TAMS 0x0000000779200000, 0x0000000779200000| Untracked 
|  77|0x0000000779300000, 0x0000000779300000, 0x0000000779400000|  0%| F|  |TAMS 0x0000000779300000, 0x0000000779300000| Untracked 
|  78|0x0000000779400000, 0x0000000779400000, 0x0000000779500000|  0%| F|  |TAMS 0x0000000779400000, 0x0000000779400000| Untracked 
|  79|0x0000000779500000, 0x0000000779500000, 0x0000000779600000|  0%| F|  |TAMS 0x0000000779500000, 0x0000000779500000| Untracked 
|  80|0x0000000779600000, 0x0000000779600000, 0x0000000779700000|  0%| F|  |TAMS 0x0000000779600000, 0x0000000779600000| Untracked 
|  81|0x0000000779700000, 0x0000000779700000, 0x0000000779800000|  0%| F|  |TAMS 0x0000000779700000, 0x0000000779700000| Untracked 
|  82|0x0000000779800000, 0x0000000779800000, 0x0000000779900000|  0%| F|  |TAMS 0x0000000779800000, 0x0000000779800000| Untracked 
|  83|0x0000000779900000, 0x0000000779900000, 0x0000000779a00000|  0%| F|  |TAMS 0x0000000779900000, 0x0000000779900000| Untracked 
|  84|0x0000000779a00000, 0x0000000779a00000, 0x0000000779b00000|  0%| F|  |TAMS 0x0000000779a00000, 0x0000000779a00000| Untracked 
|  85|0x0000000779b00000, 0x0000000779b00000, 0x0000000779c00000|  0%| F|  |TAMS 0x0000000779b00000, 0x0000000779b00000| Untracked 
|  86|0x0000000779c00000, 0x0000000779c00000, 0x0000000779d00000|  0%| F|  |TAMS 0x0000000779c00000, 0x0000000779c00000| Untracked 
|  87|0x0000000779d00000, 0x0000000779d00000, 0x0000000779e00000|  0%| F|  |TAMS 0x0000000779d00000, 0x0000000779d00000| Untracked 
|  88|0x0000000779e00000, 0x0000000779e00000, 0x0000000779f00000|  0%| F|  |TAMS 0x0000000779e00000, 0x0000000779e00000| Untracked 
|  89|0x0000000779f00000, 0x0000000779f00000, 0x000000077a000000|  0%| F|  |TAMS 0x0000000779f00000, 0x0000000779f00000| Untracked 
|  90|0x000000077a000000, 0x000000077a000000, 0x000000077a100000|  0%| F|  |TAMS 0x000000077a000000, 0x000000077a000000| Untracked 
|  91|0x000000077a100000, 0x000000077a100000, 0x000000077a200000|  0%| F|  |TAMS 0x000000077a100000, 0x000000077a100000| Untracked 
|  92|0x000000077a200000, 0x000000077a200000, 0x000000077a300000|  0%| F|  |TAMS 0x000000077a200000, 0x000000077a200000| Untracked 
|  93|0x000000077a300000, 0x000000077a300000, 0x000000077a400000|  0%| F|  |TAMS 0x000000077a300000, 0x000000077a300000| Untracked 
|  94|0x000000077a400000, 0x000000077a400000, 0x000000077a500000|  0%| F|  |TAMS 0x000000077a400000, 0x000000077a400000| Untracked 
|  95|0x000000077a500000, 0x000000077a500000, 0x000000077a600000|  0%| F|  |TAMS 0x000000077a500000, 0x000000077a500000| Untracked 
|  96|0x000000077a600000, 0x000000077a600000, 0x000000077a700000|  0%| F|  |TAMS 0x000000077a600000, 0x000000077a600000| Untracked 
|  97|0x000000077a700000, 0x000000077a700000, 0x000000077a800000|  0%| F|  |TAMS 0x000000077a700000, 0x000000077a700000| Untracked 
|  98|0x000000077a800000, 0x000000077a800000, 0x000000077a900000|  0%| F|  |TAMS 0x000000077a800000, 0x000000077a800000| Untracked 
|  99|0x000000077a900000, 0x000000077a900000, 0x000000077aa00000|  0%| F|  |TAMS 0x000000077a900000, 0x000000077a900000| Untracked 
| 100|0x000000077aa00000, 0x000000077aa00000, 0x000000077ab00000|  0%| F|  |TAMS 0x000000077aa00000, 0x000000077aa00000| Untracked 
| 101|0x000000077ab00000, 0x000000077ab00000, 0x000000077ac00000|  0%| F|  |TAMS 0x000000077ab00000, 0x000000077ab00000| Untracked 
| 102|0x000000077ac00000, 0x000000077ac00000, 0x000000077ad00000|  0%| F|  |TAMS 0x000000077ac00000, 0x000000077ac00000| Untracked 
| 103|0x000000077ad00000, 0x000000077ad00000, 0x000000077ae00000|  0%| F|  |TAMS 0x000000077ad00000, 0x000000077ad00000| Untracked 
| 104|0x000000077ae00000, 0x000000077ae00000, 0x000000077af00000|  0%| F|  |TAMS 0x000000077ae00000, 0x000000077ae00000| Untracked 
| 105|0x000000077af00000, 0x000000077af00000, 0x000000077b000000|  0%| F|  |TAMS 0x000000077af00000, 0x000000077af00000| Untracked 
| 106|0x000000077b000000, 0x000000077b000000, 0x000000077b100000|  0%| F|  |TAMS 0x000000077b000000, 0x000000077b000000| Untracked 
| 107|0x000000077b100000, 0x000000077b100000, 0x000000077b200000|  0%| F|  |TAMS 0x000000077b100000, 0x000000077b100000| Untracked 
| 108|0x000000077b200000, 0x000000077b200000, 0x000000077b300000|  0%| F|  |TAMS 0x000000077b200000, 0x000000077b200000| Untracked 
| 109|0x000000077b300000, 0x000000077b300000, 0x000000077b400000|  0%| F|  |TAMS 0x000000077b300000, 0x000000077b300000| Untracked 
| 110|0x000000077b400000, 0x000000077b400000, 0x000000077b500000|  0%| F|  |TAMS 0x000000077b400000, 0x000000077b400000| Untracked 
| 111|0x000000077b500000, 0x000000077b500000, 0x000000077b600000|  0%| F|  |TAMS 0x000000077b500000, 0x000000077b500000| Untracked 
| 112|0x000000077b600000, 0x000000077b600000, 0x000000077b700000|  0%| F|  |TAMS 0x000000077b600000, 0x000000077b600000| Untracked 
| 113|0x000000077b700000, 0x000000077b700000, 0x000000077b800000|  0%| F|  |TAMS 0x000000077b700000, 0x000000077b700000| Untracked 
| 114|0x000000077b800000, 0x000000077b800000, 0x000000077b900000|  0%| F|  |TAMS 0x000000077b800000, 0x000000077b800000| Untracked 
| 115|0x000000077b900000, 0x000000077b900000, 0x000000077ba00000|  0%| F|  |TAMS 0x000000077b900000, 0x000000077b900000| Untracked 
| 116|0x000000077ba00000, 0x000000077ba00000, 0x000000077bb00000|  0%| F|  |TAMS 0x000000077ba00000, 0x000000077ba00000| Untracked 
| 117|0x000000077bb00000, 0x000000077bb00000, 0x000000077bc00000|  0%| F|  |TAMS 0x000000077bb00000, 0x000000077bb00000| Untracked 
| 118|0x000000077bc00000, 0x000000077bc00000, 0x000000077bd00000|  0%| F|  |TAMS 0x000000077bc00000, 0x000000077bc00000| Untracked 
| 119|0x000000077bd00000, 0x000000077bd00000, 0x000000077be00000|  0%| F|  |TAMS 0x000000077bd00000, 0x000000077bd00000| Untracked 
| 120|0x000000077be00000, 0x000000077be00000, 0x000000077bf00000|  0%| F|  |TAMS 0x000000077be00000, 0x000000077be00000| Untracked 
| 121|0x000000077bf00000, 0x000000077bf00000, 0x000000077c000000|  0%| F|  |TAMS 0x000000077bf00000, 0x000000077bf00000| Untracked 
| 122|0x000000077c000000, 0x000000077c000000, 0x000000077c100000|  0%| F|  |TAMS 0x000000077c000000, 0x000000077c000000| Untracked 
| 123|0x000000077c100000, 0x000000077c100000, 0x000000077c200000|  0%| F|  |TAMS 0x000000077c100000, 0x000000077c100000| Untracked 
| 124|0x000000077c200000, 0x000000077c200000, 0x000000077c300000|  0%| F|  |TAMS 0x000000077c200000, 0x000000077c200000| Untracked 
| 125|0x000000077c300000, 0x000000077c300000, 0x000000077c400000|  0%| F|  |TAMS 0x000000077c300000, 0x000000077c300000| Untracked 
| 126|0x000000077c400000, 0x000000077c400000, 0x000000077c500000|  0%| F|  |TAMS 0x000000077c400000, 0x000000077c400000| Untracked 
| 127|0x000000077c500000, 0x000000077c500000, 0x000000077c600000|  0%| F|  |TAMS 0x000000077c500000, 0x000000077c500000| Untracked 
| 128|0x000000077c600000, 0x000000077c600000, 0x000000077c700000|  0%| F|  |TAMS 0x000000077c600000, 0x000000077c600000| Untracked 
| 129|0x000000077c700000, 0x000000077c700000, 0x000000077c800000|  0%| F|  |TAMS 0x000000077c700000, 0x000000077c700000| Untracked 
| 130|0x000000077c800000, 0x000000077c800000, 0x000000077c900000|  0%| F|  |TAMS 0x000000077c800000, 0x000000077c800000| Untracked 
| 131|0x000000077c900000, 0x000000077c900000, 0x000000077ca00000|  0%| F|  |TAMS 0x000000077c900000, 0x000000077c900000| Untracked 
| 132|0x000000077ca00000, 0x000000077ca00000, 0x000000077cb00000|  0%| F|  |TAMS 0x000000077ca00000, 0x000000077ca00000| Untracked 
| 133|0x000000077cb00000, 0x000000077cb00000, 0x000000077cc00000|  0%| F|  |TAMS 0x000000077cb00000, 0x000000077cb00000| Untracked 
| 134|0x000000077cc00000, 0x000000077cc00000, 0x000000077cd00000|  0%| F|  |TAMS 0x000000077cc00000, 0x000000077cc00000| Untracked 
| 135|0x000000077cd00000, 0x000000077cd00000, 0x000000077ce00000|  0%| F|  |TAMS 0x000000077cd00000, 0x000000077cd00000| Untracked 
| 136|0x000000077ce00000, 0x000000077ce00000, 0x000000077cf00000|  0%| F|  |TAMS 0x000000077ce00000, 0x000000077ce00000| Untracked 
| 137|0x000000077cf00000, 0x000000077cf00000, 0x000000077d000000|  0%| F|  |TAMS 0x000000077cf00000, 0x000000077cf00000| Untracked 
| 138|0x000000077d000000, 0x000000077d000000, 0x000000077d100000|  0%| F|  |TAMS 0x000000077d000000, 0x000000077d000000| Untracked 
| 139|0x000000077d100000, 0x000000077d100000, 0x000000077d200000|  0%| F|  |TAMS 0x000000077d100000, 0x000000077d100000| Untracked 
| 140|0x000000077d200000, 0x000000077d200000, 0x000000077d300000|  0%| F|  |TAMS 0x000000077d200000, 0x000000077d200000| Untracked 
| 141|0x000000077d300000, 0x000000077d300000, 0x000000077d400000|  0%| F|  |TAMS 0x000000077d300000, 0x000000077d300000| Untracked 
| 142|0x000000077d400000, 0x000000077d400000, 0x000000077d500000|  0%| F|  |TAMS 0x000000077d400000, 0x000000077d400000| Untracked 
| 143|0x000000077d500000, 0x000000077d500000, 0x000000077d600000|  0%| F|  |TAMS 0x000000077d500000, 0x000000077d500000| Untracked 
| 144|0x000000077d600000, 0x000000077d600000, 0x000000077d700000|  0%| F|  |TAMS 0x000000077d600000, 0x000000077d600000| Untracked 
| 145|0x000000077d700000, 0x000000077d700000, 0x000000077d800000|  0%| F|  |TAMS 0x000000077d700000, 0x000000077d700000| Untracked 
| 146|0x000000077d800000, 0x000000077d800000, 0x000000077d900000|  0%| F|  |TAMS 0x000000077d800000, 0x000000077d800000| Untracked 
| 147|0x000000077d900000, 0x000000077d900000, 0x000000077da00000|  0%| F|  |TAMS 0x000000077d900000, 0x000000077d900000| Untracked 
| 148|0x000000077da00000, 0x000000077da00000, 0x000000077db00000|  0%| F|  |TAMS 0x000000077da00000, 0x000000077da00000| Untracked 
| 149|0x000000077db00000, 0x000000077db00000, 0x000000077dc00000|  0%| F|  |TAMS 0x000000077db00000, 0x000000077db00000| Untracked 
| 150|0x000000077dc00000, 0x000000077dc00000, 0x000000077dd00000|  0%| F|  |TAMS 0x000000077dc00000, 0x000000077dc00000| Untracked 
| 151|0x000000077dd00000, 0x000000077dd00000, 0x000000077de00000|  0%| F|  |TAMS 0x000000077dd00000, 0x000000077dd00000| Untracked 
| 152|0x000000077de00000, 0x000000077de00000, 0x000000077df00000|  0%| F|  |TAMS 0x000000077de00000, 0x000000077de00000| Untracked 
| 153|0x000000077df00000, 0x000000077df00000, 0x000000077e000000|  0%| F|  |TAMS 0x000000077df00000, 0x000000077df00000| Untracked 
| 154|0x000000077e000000, 0x000000077e000000, 0x000000077e100000|  0%| F|  |TAMS 0x000000077e000000, 0x000000077e000000| Untracked 
| 155|0x000000077e100000, 0x000000077e100000, 0x000000077e200000|  0%| F|  |TAMS 0x000000077e100000, 0x000000077e100000| Untracked 
| 156|0x000000077e200000, 0x000000077e200000, 0x000000077e300000|  0%| F|  |TAMS 0x000000077e200000, 0x000000077e200000| Untracked 
| 157|0x000000077e300000, 0x000000077e300000, 0x000000077e400000|  0%| F|  |TAMS 0x000000077e300000, 0x000000077e300000| Untracked 
| 158|0x000000077e400000, 0x000000077e400000, 0x000000077e500000|  0%| F|  |TAMS 0x000000077e400000, 0x000000077e400000| Untracked 
| 159|0x000000077e500000, 0x000000077e500000, 0x000000077e600000|  0%| F|  |TAMS 0x000000077e500000, 0x000000077e500000| Untracked 
| 160|0x000000077e600000, 0x000000077e600000, 0x000000077e700000|  0%| F|  |TAMS 0x000000077e600000, 0x000000077e600000| Untracked 
| 161|0x000000077e700000, 0x000000077e700000, 0x000000077e800000|  0%| F|  |TAMS 0x000000077e700000, 0x000000077e700000| Untracked 
| 162|0x000000077e800000, 0x000000077e800000, 0x000000077e900000|  0%| F|  |TAMS 0x000000077e800000, 0x000000077e800000| Untracked 
| 163|0x000000077e900000, 0x000000077e900000, 0x000000077ea00000|  0%| F|  |TAMS 0x000000077e900000, 0x000000077e900000| Untracked 
| 164|0x000000077ea00000, 0x000000077ea00000, 0x000000077eb00000|  0%| F|  |TAMS 0x000000077ea00000, 0x000000077ea00000| Untracked 
| 165|0x000000077eb00000, 0x000000077eb00000, 0x000000077ec00000|  0%| F|  |TAMS 0x000000077eb00000, 0x000000077eb00000| Untracked 
| 166|0x000000077ec00000, 0x000000077ec00000, 0x000000077ed00000|  0%| F|  |TAMS 0x000000077ec00000, 0x000000077ec00000| Untracked 
| 167|0x000000077ed00000, 0x000000077ed00000, 0x000000077ee00000|  0%| F|  |TAMS 0x000000077ed00000, 0x000000077ed00000| Untracked 
| 168|0x000000077ee00000, 0x000000077ee00000, 0x000000077ef00000|  0%| F|  |TAMS 0x000000077ee00000, 0x000000077ee00000| Untracked 
| 169|0x000000077ef00000, 0x000000077ef00000, 0x000000077f000000|  0%| F|  |TAMS 0x000000077ef00000, 0x000000077ef00000| Untracked 
| 170|0x000000077f000000, 0x000000077f000000, 0x000000077f100000|  0%| F|  |TAMS 0x000000077f000000, 0x000000077f000000| Untracked 
| 171|0x000000077f100000, 0x000000077f100000, 0x000000077f200000|  0%| F|  |TAMS 0x000000077f100000, 0x000000077f100000| Untracked 
| 172|0x000000077f200000, 0x000000077f200000, 0x000000077f300000|  0%| F|  |TAMS 0x000000077f200000, 0x000000077f200000| Untracked 
| 173|0x000000077f300000, 0x000000077f300000, 0x000000077f400000|  0%| F|  |TAMS 0x000000077f300000, 0x000000077f300000| Untracked 
| 174|0x000000077f400000, 0x000000077f400000, 0x000000077f500000|  0%| F|  |TAMS 0x000000077f400000, 0x000000077f400000| Untracked 
| 175|0x000000077f500000, 0x000000077f500000, 0x000000077f600000|  0%| F|  |TAMS 0x000000077f500000, 0x000000077f500000| Untracked 
| 176|0x000000077f600000, 0x000000077f600000, 0x000000077f700000|  0%| F|  |TAMS 0x000000077f600000, 0x000000077f600000| Untracked 
| 177|0x000000077f700000, 0x000000077f700000, 0x000000077f800000|  0%| F|  |TAMS 0x000000077f700000, 0x000000077f700000| Untracked 
| 178|0x000000077f800000, 0x000000077f800000, 0x000000077f900000|  0%| F|  |TAMS 0x000000077f800000, 0x000000077f800000| Untracked 
| 179|0x000000077f900000, 0x000000077f900000, 0x000000077fa00000|  0%| F|  |TAMS 0x000000077f900000, 0x000000077f900000| Untracked 
| 180|0x000000077fa00000, 0x000000077fa00000, 0x000000077fb00000|  0%| F|  |TAMS 0x000000077fa00000, 0x000000077fa00000| Untracked 
| 181|0x000000077fb00000, 0x000000077fb00000, 0x000000077fc00000|  0%| F|  |TAMS 0x000000077fb00000, 0x000000077fb00000| Untracked 
| 182|0x000000077fc00000, 0x000000077fc00000, 0x000000077fd00000|  0%| F|  |TAMS 0x000000077fc00000, 0x000000077fc00000| Untracked 
| 183|0x000000077fd00000, 0x000000077fd00000, 0x000000077fe00000|  0%| F|  |TAMS 0x000000077fd00000, 0x000000077fd00000| Untracked 
| 184|0x000000077fe00000, 0x000000077fe00000, 0x000000077ff00000|  0%| F|  |TAMS 0x000000077fe00000, 0x000000077fe00000| Untracked 
| 185|0x000000077ff00000, 0x000000077ff00000, 0x0000000780000000|  0%| F|  |TAMS 0x000000077ff00000, 0x000000077ff00000| Untracked 
| 186|0x0000000780000000, 0x0000000780000000, 0x0000000780100000|  0%| F|  |TAMS 0x0000000780000000, 0x0000000780000000| Untracked 
| 187|0x0000000780100000, 0x0000000780100000, 0x0000000780200000|  0%| F|  |TAMS 0x0000000780100000, 0x0000000780100000| Untracked 
| 188|0x0000000780200000, 0x0000000780200000, 0x0000000780300000|  0%| F|  |TAMS 0x0000000780200000, 0x0000000780200000| Untracked 
| 189|0x0000000780300000, 0x0000000780300000, 0x0000000780400000|  0%| F|  |TAMS 0x0000000780300000, 0x0000000780300000| Untracked 
| 190|0x0000000780400000, 0x0000000780400000, 0x0000000780500000|  0%| F|  |TAMS 0x0000000780400000, 0x0000000780400000| Untracked 
| 191|0x0000000780500000, 0x0000000780500000, 0x0000000780600000|  0%| F|  |TAMS 0x0000000780500000, 0x0000000780500000| Untracked 
| 192|0x0000000780600000, 0x0000000780600000, 0x0000000780700000|  0%| F|  |TAMS 0x0000000780600000, 0x0000000780600000| Untracked 
| 193|0x0000000780700000, 0x0000000780700000, 0x0000000780800000|  0%| F|  |TAMS 0x0000000780700000, 0x0000000780700000| Untracked 
| 194|0x0000000780800000, 0x0000000780800000, 0x0000000780900000|  0%| F|  |TAMS 0x0000000780800000, 0x0000000780800000| Untracked 
| 195|0x0000000780900000, 0x0000000780900000, 0x0000000780a00000|  0%| F|  |TAMS 0x0000000780900000, 0x0000000780900000| Untracked 
| 196|0x0000000780a00000, 0x0000000780a00000, 0x0000000780b00000|  0%| F|  |TAMS 0x0000000780a00000, 0x0000000780a00000| Untracked 
| 197|0x0000000780b00000, 0x0000000780b00000, 0x0000000780c00000|  0%| F|  |TAMS 0x0000000780b00000, 0x0000000780b00000| Untracked 
| 198|0x0000000780c00000, 0x0000000780c00000, 0x0000000780d00000|  0%| F|  |TAMS 0x0000000780c00000, 0x0000000780c00000| Untracked 
| 199|0x0000000780d00000, 0x0000000780d00000, 0x0000000780e00000|  0%| F|  |TAMS 0x0000000780d00000, 0x0000000780d00000| Untracked 
| 200|0x0000000780e00000, 0x0000000780e00000, 0x0000000780f00000|  0%| F|  |TAMS 0x0000000780e00000, 0x0000000780e00000| Untracked 
| 201|0x0000000780f00000, 0x0000000780f00000, 0x0000000781000000|  0%| F|  |TAMS 0x0000000780f00000, 0x0000000780f00000| Untracked 
| 202|0x0000000781000000, 0x0000000781000000, 0x0000000781100000|  0%| F|  |TAMS 0x0000000781000000, 0x0000000781000000| Untracked 
| 203|0x0000000781100000, 0x0000000781100000, 0x0000000781200000|  0%| F|  |TAMS 0x0000000781100000, 0x0000000781100000| Untracked 
| 204|0x0000000781200000, 0x0000000781200000, 0x0000000781300000|  0%| F|  |TAMS 0x0000000781200000, 0x0000000781200000| Untracked 
| 205|0x0000000781300000, 0x0000000781300000, 0x0000000781400000|  0%| F|  |TAMS 0x0000000781300000, 0x0000000781300000| Untracked 
| 206|0x0000000781400000, 0x0000000781400000, 0x0000000781500000|  0%| F|  |TAMS 0x0000000781400000, 0x0000000781400000| Untracked 
| 207|0x0000000781500000, 0x0000000781500000, 0x0000000781600000|  0%| F|  |TAMS 0x0000000781500000, 0x0000000781500000| Untracked 
| 208|0x0000000781600000, 0x0000000781600000, 0x0000000781700000|  0%| F|  |TAMS 0x0000000781600000, 0x0000000781600000| Untracked 
| 209|0x0000000781700000, 0x0000000781700000, 0x0000000781800000|  0%| F|  |TAMS 0x0000000781700000, 0x0000000781700000| Untracked 
| 210|0x0000000781800000, 0x0000000781800000, 0x0000000781900000|  0%| F|  |TAMS 0x0000000781800000, 0x0000000781800000| Untracked 
| 211|0x0000000781900000, 0x0000000781900000, 0x0000000781a00000|  0%| F|  |TAMS 0x0000000781900000, 0x0000000781900000| Untracked 
| 212|0x0000000781a00000, 0x0000000781a00000, 0x0000000781b00000|  0%| F|  |TAMS 0x0000000781a00000, 0x0000000781a00000| Untracked 
| 213|0x0000000781b00000, 0x0000000781b00000, 0x0000000781c00000|  0%| F|  |TAMS 0x0000000781b00000, 0x0000000781b00000| Untracked 
| 214|0x0000000781c00000, 0x0000000781c00000, 0x0000000781d00000|  0%| F|  |TAMS 0x0000000781c00000, 0x0000000781c00000| Untracked 
| 215|0x0000000781d00000, 0x0000000781d00000, 0x0000000781e00000|  0%| F|  |TAMS 0x0000000781d00000, 0x0000000781d00000| Untracked 
| 216|0x0000000781e00000, 0x0000000781e00000, 0x0000000781f00000|  0%| F|  |TAMS 0x0000000781e00000, 0x0000000781e00000| Untracked 
| 217|0x0000000781f00000, 0x0000000781f00000, 0x0000000782000000|  0%| F|  |TAMS 0x0000000781f00000, 0x0000000781f00000| Untracked 
| 218|0x0000000782000000, 0x0000000782000000, 0x0000000782100000|  0%| F|  |TAMS 0x0000000782000000, 0x0000000782000000| Untracked 
| 219|0x0000000782100000, 0x0000000782100000, 0x0000000782200000|  0%| F|  |TAMS 0x0000000782100000, 0x0000000782100000| Untracked 
| 220|0x0000000782200000, 0x0000000782200000, 0x0000000782300000|  0%| F|  |TAMS 0x0000000782200000, 0x0000000782200000| Untracked 
| 221|0x0000000782300000, 0x0000000782300000, 0x0000000782400000|  0%| F|  |TAMS 0x0000000782300000, 0x0000000782300000| Untracked 
| 222|0x0000000782400000, 0x0000000782400000, 0x0000000782500000|  0%| F|  |TAMS 0x0000000782400000, 0x0000000782400000| Untracked 
| 223|0x0000000782500000, 0x0000000782500000, 0x0000000782600000|  0%| F|  |TAMS 0x0000000782500000, 0x0000000782500000| Untracked 
| 224|0x0000000782600000, 0x0000000782600000, 0x0000000782700000|  0%| F|  |TAMS 0x0000000782600000, 0x0000000782600000| Untracked 
| 225|0x0000000782700000, 0x0000000782700000, 0x0000000782800000|  0%| F|  |TAMS 0x0000000782700000, 0x0000000782700000| Untracked 
| 226|0x0000000782800000, 0x0000000782800000, 0x0000000782900000|  0%| F|  |TAMS 0x0000000782800000, 0x0000000782800000| Untracked 
| 227|0x0000000782900000, 0x0000000782900000, 0x0000000782a00000|  0%| F|  |TAMS 0x0000000782900000, 0x0000000782900000| Untracked 
| 228|0x0000000782a00000, 0x0000000782a00000, 0x0000000782b00000|  0%| F|  |TAMS 0x0000000782a00000, 0x0000000782a00000| Untracked 
| 229|0x0000000782b00000, 0x0000000782b00000, 0x0000000782c00000|  0%| F|  |TAMS 0x0000000782b00000, 0x0000000782b00000| Untracked 
| 230|0x0000000782c00000, 0x0000000782c00000, 0x0000000782d00000|  0%| F|  |TAMS 0x0000000782c00000, 0x0000000782c00000| Untracked 
| 231|0x0000000782d00000, 0x0000000782d00000, 0x0000000782e00000|  0%| F|  |TAMS 0x0000000782d00000, 0x0000000782d00000| Untracked 
| 232|0x0000000782e00000, 0x0000000782e00000, 0x0000000782f00000|  0%| F|  |TAMS 0x0000000782e00000, 0x0000000782e00000| Untracked 
| 233|0x0000000782f00000, 0x0000000782f00000, 0x0000000783000000|  0%| F|  |TAMS 0x0000000782f00000, 0x0000000782f00000| Untracked 
| 234|0x0000000783000000, 0x0000000783000000, 0x0000000783100000|  0%| F|  |TAMS 0x0000000783000000, 0x0000000783000000| Untracked 
| 235|0x0000000783100000, 0x0000000783100000, 0x0000000783200000|  0%| F|  |TAMS 0x0000000783100000, 0x0000000783100000| Untracked 
| 236|0x0000000783200000, 0x0000000783200000, 0x0000000783300000|  0%| F|  |TAMS 0x0000000783200000, 0x0000000783200000| Untracked 
| 237|0x0000000783300000, 0x0000000783300000, 0x0000000783400000|  0%| F|  |TAMS 0x0000000783300000, 0x0000000783300000| Untracked 
| 238|0x0000000783400000, 0x0000000783400000, 0x0000000783500000|  0%| F|  |TAMS 0x0000000783400000, 0x0000000783400000| Untracked 
| 239|0x0000000783500000, 0x0000000783500000, 0x0000000783600000|  0%| F|  |TAMS 0x0000000783500000, 0x0000000783500000| Untracked 
| 240|0x0000000783600000, 0x0000000783600000, 0x0000000783700000|  0%| F|  |TAMS 0x0000000783600000, 0x0000000783600000| Untracked 
| 241|0x0000000783700000, 0x0000000783700000, 0x0000000783800000|  0%| F|  |TAMS 0x0000000783700000, 0x0000000783700000| Untracked 
| 242|0x0000000783800000, 0x0000000783800000, 0x0000000783900000|  0%| F|  |TAMS 0x0000000783800000, 0x0000000783800000| Untracked 
| 243|0x0000000783900000, 0x0000000783900000, 0x0000000783a00000|  0%| F|  |TAMS 0x0000000783900000, 0x0000000783900000| Untracked 
| 244|0x0000000783a00000, 0x0000000783a00000, 0x0000000783b00000|  0%| F|  |TAMS 0x0000000783a00000, 0x0000000783a00000| Untracked 
| 245|0x0000000783b00000, 0x0000000783b00000, 0x0000000783c00000|  0%| F|  |TAMS 0x0000000783b00000, 0x0000000783b00000| Untracked 
| 246|0x0000000783c00000, 0x0000000783c00000, 0x0000000783d00000|  0%| F|  |TAMS 0x0000000783c00000, 0x0000000783c00000| Untracked 
| 247|0x0000000783d00000, 0x0000000783d00000, 0x0000000783e00000|  0%| F|  |TAMS 0x0000000783d00000, 0x0000000783d00000| Untracked 
| 248|0x0000000783e00000, 0x0000000783e00000, 0x0000000783f00000|  0%| F|  |TAMS 0x0000000783e00000, 0x0000000783e00000| Untracked 
| 249|0x0000000783f00000, 0x0000000783f8f5e0, 0x0000000784000000| 56%| E|  |TAMS 0x0000000783f00000, 0x0000000783f00000| Complete 
|1208|0x00000007bfe00000, 0x00000007bfe47000, 0x00000007bff00000| 27%|OA|  |TAMS 0x00000007bfe00000, 0x00000007bfe00000| Untracked 
|1209|0x00000007bff00000, 0x00000007bff6b000, 0x00000007c0000000| 41%|CA|  |TAMS 0x00000007bff00000, 0x00000007bff00000| Untracked 

Card table byte_map: [0x00007fb9a54e5000,0x00007fb9a5942000] _byte_map_base: 0x00007fb9a1942000

Marking Bits (Prev, Next): (CMBitMap*) 0x00007fb9a005b0a8, (CMBitMap*) 0x00007fb9a005b0e0
 Prev Bits: [0x00007fb981d18000, 0x00007fb984000000)
 Next Bits: [0x00007fb97fa30000, 0x00007fb981d18000)

Polling page: 0x00007fb9a7f5f000

Metaspace:

Usage:
  Non-class:      4.00 MB capacity,    89.23 KB (  2%) used,     3.91 MB ( 98%) free+waste,    64 bytes ( <1%) overhead. 
      Class:    384.00 KB capacity,     1.97 KB ( <1%) used,   381.97 KB (>99%) free+waste,    64 bytes ( <1%) overhead. 
       Both:      4.38 MB capacity,    91.20 KB (  2%) used,     4.29 MB ( 98%) free+waste,   128 bytes ( <1%) overhead. 

Virtual space:
  Non-class space:        8.00 MB reserved,       4.00 MB ( 50%) committed 
      Class space:        1.00 GB reserved,     384.00 KB ( <1%) committed 
             Both:        1.01 GB reserved,       4.38 MB ( <1%) committed 

Chunk freelists:
   Non-Class:  0 bytes
       Class:  0 bytes
        Both:  0 bytes

MaxMetaspaceSize: unlimited
CompressedClassSpaceSize: 1.00 GB

CodeHeap 'non-profiled nmethods': size=120032Kb used=2Kb max_used=2Kb free=120030Kb
 bounds [0x00007fb990361000, 0x00007fb9905d1000, 0x00007fb997899000]
CodeHeap 'profiled nmethods': size=120032Kb used=13Kb max_used=13Kb free=120018Kb
 bounds [0x00007fb988e29000, 0x00007fb989099000, 0x00007fb990361000]
CodeHeap 'non-nmethods': size=5696Kb used=977Kb max_used=977Kb free=4718Kb
 bounds [0x00007fb988899000, 0x00007fb988b09000, 0x00007fb988e29000]
 total_blobs=249 nmethods=13 adapters=150
 compilation: enabled
              stopped_count=0, restarted_count=0
 full_count=0

Compilation events (20 events):
Event: 0.015 Thread 0x00007fb9a01f2000 nmethod 2 0x00007fb988e29610 code [0x00007fb988e297c0, 0x00007fb988e29950]
Event: 0.016 Thread 0x00007fb9a01f2000    3       3       java.lang.Object::<init> (1 bytes)
Event: 0.016 Thread 0x00007fb9a01f2000 nmethod 3 0x00007fb988e29a10 code [0x00007fb988e29bc0, 0x00007fb988e29cd0]
Event: 0.016 Thread 0x00007fb9a01f2000    4       3       java.lang.String::isLatin1 (19 bytes)
Event: 0.016 Thread 0x00007fb9a01f2000 nmethod 4 0x00007fb988e29d90 code [0x00007fb988e29f40, 0x00007fb988e2a0d0]
Event: 0.017 Thread 0x00007fb9a01f2000    5       3       java.lang.String::coder (15 bytes)
Event: 0.017 Thread 0x00007fb9a01f2000 nmethod 5 0x00007fb988e2a190 code [0x00007fb988e2a340, 0x00007fb988e2a490]
Event: 0.017 Thread 0x00007fb9a01f2000    6       3       java.lang.String::charAt (25 bytes)
Event: 0.017 Thread 0x00007fb9a01f2000 nmethod 6 0x00007fb988e2a510 code [0x00007fb988e2a700, 0x00007fb988e2aad0]
Event: 0.017 Thread 0x00007fb9a01f2000    7       3       java.lang.StringLatin1::charAt (28 bytes)
Event: 0.017 Thread 0x00007fb9a01f2000 nmethod 7 0x00007fb988e2ac10 code [0x00007fb988e2ade0, 0x00007fb988e2afc0]
Event: 0.017 Thread 0x00007fb9a01f2000    8       3       java.lang.String::hashCode (49 bytes)
Event: 0.017 Thread 0x00007fb9a01f2000 nmethod 8 0x00007fb988e2b090 code [0x00007fb988e2b260, 0x00007fb988e2b570]
Event: 0.017 Thread 0x00007fb9a01f2000   10       3       java.util.ImmutableCollections$SetN$SetNIterator::hasNext (13 bytes)
Event: 0.017 Thread 0x00007fb9a01f2000 nmethod 10 0x00007fb988e2b690 code [0x00007fb988e2b840, 0x00007fb988e2b9b0]
Event: 0.017 Thread 0x00007fb9a01f2000    9       3       java.util.ImmutableCollections$SetN$SetNIterator::nextIndex (56 bytes)
Event: 0.017 Thread 0x00007fb9a01f2000 nmethod 9 0x00007fb988e2ba10 code [0x00007fb988e2bbc0, 0x00007fb988e2bd50]
Event: 0.018 Thread 0x00007fb9a01f2000   11       3       java.util.ImmutableCollections$SetN$SetNIterator::next (47 bytes)
Event: 0.018 Thread 0x00007fb9a01f2000 nmethod 11 0x00007fb988e2be10 code [0x00007fb988e2c000, 0x00007fb988e2c3b0]
Event: 0.018 Thread 0x00007fb9a01f2000   12   !   3       java.util.concurrent.ConcurrentHashMap::putVal (432 bytes)

GC Heap History (0 events):
No events

Deoptimization events (0 events):
No events

Classes redefined (0 events):
No events

Internal exceptions (0 events):
No events

Events (15 events):
Event: 0.001 Protecting memory [0x00007fb9a64e8000,0x00007fb9a64ec000] with protection modes 0
Event: 0.001 Loaded shared library /usr/lib/jvm/java-11-openjdk-amd64/lib/libzip.so
Event: 0.008 Thread 0x00007fb9a0016000 Thread added: 0x00007fb9a0016000
Event: 0.009 Thread 0x00007fb9a01e6800 Thread added: 0x00007fb9a01e6800
Event: 0.009 Protecting memory [0x00007fb9885ba000,0x00007fb9885be000] with protection modes 0
Event: 0.009 Thread 0x00007fb9a01e8800 Thread added: 0x00007fb9a01e8800
Event: 0.009 Protecting memory [0x00007fb9884b9000,0x00007fb9884bd000] with protection modes 0
Event: 0.011 Thread 0x00007fb9a01ee000 Thread added: 0x00007fb9a01ee000
Event: 0.011 Protecting memory [0x00007fb9880d3000,0x00007fb9880d7000] with protection modes 0
Event: 0.011 Thread 0x00007fb9a01f0000 Thread added: 0x00007fb9a01f0000
Event: 0.011 Protecting memory [0x00007fb97d92f000,0x00007fb97d933000] with protection modes 0
Event: 0.014 Thread 0x00007fb9a01f2000 Thread added: 0x00007fb9a01f2000
Event: 0.014 Protecting memory [0x00007fb97d82e000,0x00007fb97d832000] with protection modes 0
Event: 0.014 Thread 0x00007fb9a01f4000 Thread added: 0x00007fb9a01f4000
Event: 0.015 Protecting memory [0x00007fb97d72d000,0x00007fb97d731000] with protection modes 0


Dynamic libraries:
774600000-784000000 rw-p 00000000 00:00 0 
784000000-7bfe00000 ---p 00000000 00:00 0 
7bfe00000-7bfe47000 rw-p 01111000 08:02 28319117                         /usr/lib/jvm/java-11-openjdk-amd64/lib/server/classes.jsa
7bfe47000-7bff00000 rw-p 00000000 00:00 0 
7bff00000-7bff6b000 rw-p 010a6000 08:02 28319117                         /usr/lib/jvm/java-11-openjdk-amd64/lib/server/classes.jsa
7bff6b000-7c0000000 rw-p 00000000 00:00 0 
7c0000000-800000000 ---p 00000000 00:00 0 
800000000-800002000 rwxp 00001000 08:02 28319117                         /usr/lib/jvm/java-11-openjdk-amd64/lib/server/classes.jsa
800002000-8003b9000 rw-p 00003000 08:02 28319117                         /usr/lib/jvm/java-11-openjdk-amd64/lib/server/classes.jsa
8003b9000-800a96000 r--p 003ba000 08:02 28319117                         /usr/lib/jvm/java-11-openjdk-amd64/lib/server/classes.jsa
800a96000-800a97000 rw-p 00a97000 08:02 28319117                         /usr/lib/jvm/java-11-openjdk-amd64/lib/server/classes.jsa
800a97000-8010a5000 r--p 00a98000 08:02 28319117                         /usr/lib/jvm/java-11-openjdk-amd64/lib/server/classes.jsa
840000000-840060000 rw-p 00000000 00:00 0 
840060000-880000000 ---p 00000000 00:00 0 
55dbe89fb000-55dbe89fc000 r--p 00000000 08:02 28317505                   /usr/lib/jvm/java-11-openjdk-amd64/bin/java
55dbe89fc000-55dbe89fd000 r-xp 00001000 08:02 28317505                   /usr/lib/jvm/java-11-openjdk-amd64/bin/java
55dbe89fd000-55dbe89fe000 r--p 00002000 08:02 28317505                   /usr/lib/jvm/java-11-openjdk-amd64/bin/java
55dbe89fe000-55dbe89ff000 r--p 00002000 08:02 28317505                   /usr/lib/jvm/java-11-openjdk-amd64/bin/java
55dbe89ff000-55dbe8a00000 rw-p 00003000 08:02 28317505                   /usr/lib/jvm/java-11-openjdk-amd64/bin/java
55dbea2ca000-55dbea2eb000 rw-p 00000000 00:00 0                          [heap]
7fb95c000000-7fb95c021000 rw-p 00000000 00:00 0 
7fb95c021000-7fb960000000 ---p 00000000 00:00 0 
7fb960000000-7fb960021000 rw-p 00000000 00:00 0 
7fb960021000-7fb964000000 ---p 00000000 00:00 0 
7fb964000000-7fb964021000 rw-p 00000000 00:00 0 
7fb964021000-7fb968000000 ---p 00000000 00:00 0 
7fb968000000-7fb968021000 rw-p 00000000 00:00 0 
7fb968021000-7fb96c000000 ---p 00000000 00:00 0 
7fb96c000000-7fb96c021000 rw-p 00000000 00:00 0 
7fb96c021000-7fb970000000 ---p 00000000 00:00 0 
7fb970000000-7fb970021000 rw-p 00000000 00:00 0 
7fb970021000-7fb974000000 ---p 00000000 00:00 0 
7fb974000000-7fb974021000 rw-p 00000000 00:00 0 
7fb974021000-7fb978000000 ---p 00000000 00:00 0 
7fb978000000-7fb978021000 rw-p 00000000 00:00 0 
7fb978021000-7fb97c000000 ---p 00000000 00:00 0 
7fb97d72d000-7fb97d731000 ---p 00000000 00:00 0 
7fb97d731000-7fb97d82e000 rw-p 00000000 00:00 0 
7fb97d82e000-7fb97d832000 ---p 00000000 00:00 0 
7fb97d832000-7fb97d92f000 rw-p 00000000 00:00 0 
7fb97d92f000-7fb97d933000 ---p 00000000 00:00 0 
7fb97d933000-7fb97fe18000 rw-p 00000000 00:00 0 
7fb97fe18000-7fb980d10000 ---p 00000000 00:00 0 
7fb980d10000-7fb980d18000 rw-p 00000000 00:00 0 
7fb980d18000-7fb981d18000 ---p 00000000 00:00 0 
7fb981d18000-7fb982100000 rw-p 00000000 00:00 0 
7fb982100000-7fb982ff8000 ---p 00000000 00:00 0 
7fb982ff8000-7fb983000000 rw-p 00000000 00:00 0 
7fb983000000-7fb984000000 ---p 00000000 00:00 0 
7fb984000000-7fb984021000 rw-p 00000000 00:00 0 
7fb984021000-7fb988000000 ---p 00000000 00:00 0 
7fb988012000-7fb9880d3000 rw-p 00000000 00:00 0 
7fb9880d3000-7fb9880d7000 ---p 00000000 00:00 0 
7fb9880d7000-7fb9881d4000 rw-p 00000000 00:00 0 
7fb9881d4000-7fb9884b9000 r--p 00000000 08:02 27263423                   /usr/lib/locale/locale-archive
7fb9884b9000-7fb9884bd000 ---p 00000000 00:00 0 
7fb9884bd000-7fb9885ba000 rw-p 00000000 00:00 0 
7fb9885ba000-7fb9885be000 ---p 00000000 00:00 0 
7fb9885be000-7fb9886bb000 rw-p 00000000 00:00 0 
7fb9886bb000-7fb9886bc000 ---p 00000000 00:00 0 
7fb9886bc000-7fb988899000 rw-p 00000000 00:00 0 
7fb988899000-7fb988b09000 rwxp 00000000 00:00 0 
7fb988b09000-7fb988e29000 ---p 00000000 00:00 0 
7fb988e29000-7fb989099000 rwxp 00000000 00:00 0 
7fb989099000-7fb990361000 ---p 00000000 00:00 0 
7fb990361000-7fb9905d1000 rwxp 00000000 00:00 0 
7fb9905d1000-7fb997899000 ---p 00000000 00:00 0 
7fb997899000-7fb9a0000000 r--s 00000000 08:02 28317668                   /usr/lib/jvm/java-11-openjdk-amd64/lib/modules
7fb9a0000000-7fb9a0235000 rw-p 00000000 00:00 0 
7fb9a0235000-7fb9a4000000 ---p 00000000 00:00 0 
7fb9a4000000-7fb9a4431000 rw-p 00000000 00:00 0 
7fb9a4431000-7fb9a4831000 ---p 00000000 00:00 0 
7fb9a4831000-7fb9a4832000 ---p 00000000 00:00 0 
7fb9a4832000-7fb9a4933000 rw-p 00000000 00:00 0 
7fb9a4933000-7fb9a4934000 ---p 00000000 00:00 0 
7fb9a4934000-7fb9a4e39000 rw-p 00000000 00:00 0 
7fb9a4e39000-7fb9a4e3a000 ---p 00000000 00:00 0 
7fb9a4e3a000-7fb9a4f3b000 rw-p 00000000 00:00 0 
7fb9a4f3b000-7fb9a4f3c000 ---p 00000000 00:00 0 
7fb9a4f3c000-7fb9a5105000 rw-p 00000000 00:00 0 
7fb9a5105000-7fb9a52e4000 ---p 00000000 00:00 0 
7fb9a52e4000-7fb9a52e5000 rw-p 00000000 00:00 0 
7fb9a52e5000-7fb9a54e5000 ---p 00000000 00:00 0 
7fb9a54e5000-7fb9a5562000 rw-p 00000000 00:00 0 
7fb9a5562000-7fb9a5741000 ---p 00000000 00:00 0 
7fb9a5741000-7fb9a5742000 rw-p 00000000 00:00 0 
7fb9a5742000-7fb9a5942000 ---p 00000000 00:00 0 
7fb9a5942000-7fb9a59bf000 rw-p 00000000 00:00 0 
7fb9a59bf000-7fb9a5b9e000 ---p 00000000 00:00 0 
7fb9a5b9e000-7fb9a5b9f000 rw-p 00000000 00:00 0 
7fb9a5b9f000-7fb9a5d9f000 ---p 00000000 00:00 0 
7fb9a5d9f000-7fb9a61a3000 rw-p 00000000 00:00 0 
7fb9a61a3000-7fb9a61a4000 ---p 00000000 00:00 0 
7fb9a61a4000-7fb9a62aa000 rw-p 00000000 00:00 0 
7fb9a62aa000-7fb9a6390000 ---p 00000000 00:00 0 
7fb9a6390000-7fb9a6395000 rw-p 00000000 00:00 0 
7fb9a6395000-7fb9a647b000 ---p 00000000 00:00 0 
7fb9a647b000-7fb9a647e000 r--p 00000000 08:02 27263667                   /usr/lib/x86_64-linux-gnu/libnss_files-2.28.so
7fb9a647e000-7fb9a6485000 r-xp 00003000 08:02 27263667                   /usr/lib/x86_64-linux-gnu/libnss_files-2.28.so
7fb9a6485000-7fb9a6487000 r--p 0000a000 08:02 27263667                   /usr/lib/x86_64-linux-gnu/libnss_files-2.28.so
7fb9a6487000-7fb9a6488000 ---p 0000c000 08:02 27263667                   /usr/lib/x86_64-linux-gnu/libnss_files-2.28.so
7fb9a6488000-7fb9a6489000 r--p 0000c000 08:02 27263667                   /usr/lib/x86_64-linux-gnu/libnss_files-2.28.so
7fb9a6489000-7fb9a648a000 rw-p 0000d000 08:02 27263667                   /usr/lib/x86_64-linux-gnu/libnss_files-2.28.so
7fb9a648a000-7fb9a6498000 rw-p 00000000 00:00 0 
7fb9a6498000-7fb9a649f000 ---p 00000000 00:00 0 
7fb9a649f000-7fb9a64a1000 r--p 00000000 08:02 28317667                   /usr/lib/jvm/java-11-openjdk-amd64/lib/libzip.so
7fb9a64a1000-7fb9a64a5000 r-xp 00002000 08:02 28317667                   /usr/lib/jvm/java-11-openjdk-amd64/lib/libzip.so
7fb9a64a5000-7fb9a64a7000 r--p 00006000 08:02 28317667                   /usr/lib/jvm/java-11-openjdk-amd64/lib/libzip.so
7fb9a64a7000-7fb9a64a8000 r--p 00007000 08:02 28317667                   /usr/lib/jvm/java-11-openjdk-amd64/lib/libzip.so
7fb9a64a8000-7fb9a64a9000 rw-p 00008000 08:02 28317667                   /usr/lib/jvm/java-11-openjdk-amd64/lib/libzip.so
7fb9a64a9000-7fb9a64b1000 rw-s 00000000 08:02 30670974                   /tmp/hsperfdata_joonas/3841
7fb9a64b1000-7fb9a64bf000 r--p 00000000 08:02 28317646                   /usr/lib/jvm/java-11-openjdk-amd64/lib/libjava.so
7fb9a64bf000-7fb9a64d4000 r-xp 0000e000 08:02 28317646                   /usr/lib/jvm/java-11-openjdk-amd64/lib/libjava.so
7fb9a64d4000-7fb9a64db000 r--p 00023000 08:02 28317646                   /usr/lib/jvm/java-11-openjdk-amd64/lib/libjava.so
7fb9a64db000-7fb9a64dc000 r--p 00029000 08:02 28317646                   /usr/lib/jvm/java-11-openjdk-amd64/lib/libjava.so
7fb9a64dc000-7fb9a64dd000 rw-p 0002a000 08:02 28317646                   /usr/lib/jvm/java-11-openjdk-amd64/lib/libjava.so
7fb9a64dd000-7fb9a64de000 rw-p 00000000 00:00 0 
7fb9a64de000-7fb9a64e0000 r--p 00000000 08:02 27263675                   /usr/lib/x86_64-linux-gnu/librt-2.28.so
7fb9a64e0000-7fb9a64e4000 r-xp 00002000 08:02 27263675                   /usr/lib/x86_64-linux-gnu/librt-2.28.so
7fb9a64e4000-7fb9a64e6000 r--p 00006000 08:02 27263675                   /usr/lib/x86_64-linux-gnu/librt-2.28.so
7fb9a64e6000-7fb9a64e7000 r--p 00007000 08:02 27263675                   /usr/lib/x86_64-linux-gnu/librt-2.28.so
7fb9a64e7000-7fb9a64e8000 rw-p 00008000 08:02 27263675                   /usr/lib/x86_64-linux-gnu/librt-2.28.so
7fb9a64e8000-7fb9a64ec000 ---p 00000000 00:00 0 
7fb9a64ec000-7fb9a65e9000 rw-p 00000000 00:00 0 
7fb9a65e9000-7fb9a65ec000 r--p 00000000 08:02 27262990                   /usr/lib/x86_64-linux-gnu/libgcc_s.so.1
7fb9a65ec000-7fb9a65fd000 r-xp 00003000 08:02 27262990                   /usr/lib/x86_64-linux-gnu/libgcc_s.so.1
7fb9a65fd000-7fb9a6600000 r--p 00014000 08:02 27262990                   /usr/lib/x86_64-linux-gnu/libgcc_s.so.1
7fb9a6600000-7fb9a6601000 ---p 00017000 08:02 27262990                   /usr/lib/x86_64-linux-gnu/libgcc_s.so.1
7fb9a6601000-7fb9a6602000 r--p 00017000 08:02 27262990                   /usr/lib/x86_64-linux-gnu/libgcc_s.so.1
7fb9a6602000-7fb9a6603000 rw-p 00018000 08:02 27262990                   /usr/lib/x86_64-linux-gnu/libgcc_s.so.1
7fb9a6603000-7fb9a6610000 r--p 00000000 08:02 27263658                   /usr/lib/x86_64-linux-gnu/libm-2.28.so
7fb9a6610000-7fb9a66af000 r-xp 0000d000 08:02 27263658                   /usr/lib/x86_64-linux-gnu/libm-2.28.so
7fb9a66af000-7fb9a6784000 r--p 000ac000 08:02 27263658                   /usr/lib/x86_64-linux-gnu/libm-2.28.so
7fb9a6784000-7fb9a6785000 r--p 00180000 08:02 27263658                   /usr/lib/x86_64-linux-gnu/libm-2.28.so
7fb9a6785000-7fb9a6786000 rw-p 00181000 08:02 27263658                   /usr/lib/x86_64-linux-gnu/libm-2.28.so
7fb9a6786000-7fb9a680f000 r--p 00000000 08:02 27263247                   /usr/lib/x86_64-linux-gnu/libstdc++.so.6.0.25
7fb9a680f000-7fb9a68bb000 r-xp 00089000 08:02 27263247                   /usr/lib/x86_64-linux-gnu/libstdc++.so.6.0.25
7fb9a68bb000-7fb9a68f9000 r--p 00135000 08:02 27263247                   /usr/lib/x86_64-linux-gnu/libstdc++.so.6.0.25
7fb9a68f9000-7fb9a68fa000 ---p 00173000 08:02 27263247                   /usr/lib/x86_64-linux-gnu/libstdc++.so.6.0.25
7fb9a68fa000-7fb9a6904000 r--p 00173000 08:02 27263247                   /usr/lib/x86_64-linux-gnu/libstdc++.so.6.0.25
7fb9a6904000-7fb9a6906000 rw-p 0017d000 08:02 27263247                   /usr/lib/x86_64-linux-gnu/libstdc++.so.6.0.25
7fb9a6906000-7fb9a690a000 rw-p 00000000 00:00 0 
7fb9a690a000-7fb9a6b83000 r--p 00000000 08:02 28317673                   /usr/lib/jvm/java-11-openjdk-amd64/lib/server/libjvm.so
7fb9a6b83000-7fb9a7794000 r-xp 00279000 08:02 28317673                   /usr/lib/jvm/java-11-openjdk-amd64/lib/server/libjvm.so
7fb9a7794000-7fb9a79eb000 r--p 00e8a000 08:02 28317673                   /usr/lib/jvm/java-11-openjdk-amd64/lib/server/libjvm.so
7fb9a79eb000-7fb9a7aac000 r--p 010e0000 08:02 28317673                   /usr/lib/jvm/java-11-openjdk-amd64/lib/server/libjvm.so
7fb9a7aac000-7fb9a7ae7000 rw-p 011a1000 08:02 28317673                   /usr/lib/jvm/java-11-openjdk-amd64/lib/server/libjvm.so
7fb9a7ae7000-7fb9a7b40000 rw-p 00000000 00:00 0 
7fb9a7b40000-7fb9a7b62000 r--p 00000000 08:02 27263655                   /usr/lib/x86_64-linux-gnu/libc-2.28.so
7fb9a7b62000-7fb9a7caa000 r-xp 00022000 08:02 27263655                   /usr/lib/x86_64-linux-gnu/libc-2.28.so
7fb9a7caa000-7fb9a7cf6000 r--p 0016a000 08:02 27263655                   /usr/lib/x86_64-linux-gnu/libc-2.28.so
7fb9a7cf6000-7fb9a7cf7000 ---p 001b6000 08:02 27263655                   /usr/lib/x86_64-linux-gnu/libc-2.28.so
7fb9a7cf7000-7fb9a7cfb000 r--p 001b6000 08:02 27263655                   /usr/lib/x86_64-linux-gnu/libc-2.28.so
7fb9a7cfb000-7fb9a7cfd000 rw-p 001ba000 08:02 27263655                   /usr/lib/x86_64-linux-gnu/libc-2.28.so
7fb9a7cfd000-7fb9a7d01000 rw-p 00000000 00:00 0 
7fb9a7d01000-7fb9a7d02000 r--p 00000000 08:02 27263657                   /usr/lib/x86_64-linux-gnu/libdl-2.28.so
7fb9a7d02000-7fb9a7d03000 r-xp 00001000 08:02 27263657                   /usr/lib/x86_64-linux-gnu/libdl-2.28.so
7fb9a7d03000-7fb9a7d04000 r--p 00002000 08:02 27263657                   /usr/lib/x86_64-linux-gnu/libdl-2.28.so
7fb9a7d04000-7fb9a7d05000 r--p 00002000 08:02 27263657                   /usr/lib/x86_64-linux-gnu/libdl-2.28.so
7fb9a7d05000-7fb9a7d06000 rw-p 00003000 08:02 27263657                   /usr/lib/x86_64-linux-gnu/libdl-2.28.so
7fb9a7d06000-7fb9a7d09000 r--p 00000000 08:02 28317630                   /usr/lib/jvm/java-11-openjdk-amd64/lib/jli/libjli.so
7fb9a7d09000-7fb9a7d13000 r-xp 00003000 08:02 28317630                   /usr/lib/jvm/java-11-openjdk-amd64/lib/jli/libjli.so
7fb9a7d13000-7fb9a7d16000 r--p 0000d000 08:02 28317630                   /usr/lib/jvm/java-11-openjdk-amd64/lib/jli/libjli.so
7fb9a7d16000-7fb9a7d17000 ---p 00010000 08:02 28317630                   /usr/lib/jvm/java-11-openjdk-amd64/lib/jli/libjli.so
7fb9a7d17000-7fb9a7d18000 r--p 00010000 08:02 28317630                   /usr/lib/jvm/java-11-openjdk-amd64/lib/jli/libjli.so
7fb9a7d18000-7fb9a7d19000 rw-p 00011000 08:02 28317630                   /usr/lib/jvm/java-11-openjdk-amd64/lib/jli/libjli.so
7fb9a7d19000-7fb9a7d1f000 r--p 00000000 08:02 27263673                   /usr/lib/x86_64-linux-gnu/libpthread-2.28.so
7fb9a7d1f000-7fb9a7d2e000 r-xp 00006000 08:02 27263673                   /usr/lib/x86_64-linux-gnu/libpthread-2.28.so
7fb9a7d2e000-7fb9a7d34000 r--p 00015000 08:02 27263673                   /usr/lib/x86_64-linux-gnu/libpthread-2.28.so
7fb9a7d34000-7fb9a7d35000 r--p 0001a000 08:02 27263673                   /usr/lib/x86_64-linux-gnu/libpthread-2.28.so
7fb9a7d35000-7fb9a7d36000 rw-p 0001b000 08:02 27263673                   /usr/lib/x86_64-linux-gnu/libpthread-2.28.so
7fb9a7d36000-7fb9a7d3a000 rw-p 00000000 00:00 0 
7fb9a7d3a000-7fb9a7d56000 r-xp 00000000 08:02 27265231                   /usr/lib/x86_64-linux-gnu/libz.so.1.2.11
7fb9a7d56000-7fb9a7f56000 ---p 0001c000 08:02 27265231                   /usr/lib/x86_64-linux-gnu/libz.so.1.2.11
7fb9a7f56000-7fb9a7f57000 r--p 0001c000 08:02 27265231                   /usr/lib/x86_64-linux-gnu/libz.so.1.2.11
7fb9a7f57000-7fb9a7f58000 rw-p 0001d000 08:02 27265231                   /usr/lib/x86_64-linux-gnu/libz.so.1.2.11
7fb9a7f58000-7fb9a7f5b000 rw-p 00000000 00:00 0 
7fb9a7f5b000-7fb9a7f5d000 rw-p 00000000 00:00 0 
7fb9a7f5d000-7fb9a7f5f000 r--s 00007000 08:02 27926476                   /usr/share/java/java-atk-wrapper.jar
7fb9a7f5f000-7fb9a7f60000 ---p 00000000 00:00 0 
7fb9a7f60000-7fb9a7f61000 r--p 00000000 00:00 0 
7fb9a7f61000-7fb9a7f63000 r--p 00000000 08:02 28317650                   /usr/lib/jvm/java-11-openjdk-amd64/lib/libjimage.so
7fb9a7f63000-7fb9a7f66000 r-xp 00002000 08:02 28317650                   /usr/lib/jvm/java-11-openjdk-amd64/lib/libjimage.so
7fb9a7f66000-7fb9a7f68000 r--p 00005000 08:02 28317650                   /usr/lib/jvm/java-11-openjdk-amd64/lib/libjimage.so
7fb9a7f68000-7fb9a7f69000 r--p 00006000 08:02 28317650                   /usr/lib/jvm/java-11-openjdk-amd64/lib/libjimage.so
7fb9a7f69000-7fb9a7f6a000 rw-p 00007000 08:02 28317650                   /usr/lib/jvm/java-11-openjdk-amd64/lib/libjimage.so
7fb9a7f6a000-7fb9a7f6f000 r--p 00000000 08:02 28317666                   /usr/lib/jvm/java-11-openjdk-amd64/lib/libverify.so
7fb9a7f6f000-7fb9a7f76000 r-xp 00005000 08:02 28317666                   /usr/lib/jvm/java-11-openjdk-amd64/lib/libverify.so
7fb9a7f76000-7fb9a7f78000 r--p 0000c000 08:02 28317666                   /usr/lib/jvm/java-11-openjdk-amd64/lib/libverify.so
7fb9a7f78000-7fb9a7f7a000 r--p 0000d000 08:02 28317666                   /usr/lib/jvm/java-11-openjdk-amd64/lib/libverify.so
7fb9a7f7a000-7fb9a7f7b000 rw-p 0000f000 08:02 28317666                   /usr/lib/jvm/java-11-openjdk-amd64/lib/libverify.so
7fb9a7f7b000-7fb9a7f7c000 r--p 00000000 08:02 27262992                   /usr/lib/x86_64-linux-gnu/ld-2.28.so
7fb9a7f7c000-7fb9a7f9a000 r-xp 00001000 08:02 27262992                   /usr/lib/x86_64-linux-gnu/ld-2.28.so
7fb9a7f9a000-7fb9a7fa2000 r--p 0001f000 08:02 27262992                   /usr/lib/x86_64-linux-gnu/ld-2.28.so
7fb9a7fa2000-7fb9a7fa3000 r--p 00026000 08:02 27262992                   /usr/lib/x86_64-linux-gnu/ld-2.28.so
7fb9a7fa3000-7fb9a7fa4000 rw-p 00027000 08:02 27262992                   /usr/lib/x86_64-linux-gnu/ld-2.28.so
7fb9a7fa4000-7fb9a7fa5000 rw-p 00000000 00:00 0 
7ffd83655000-7ffd83678000 rw-p 00000000 00:00 0                          [stack]
7ffd83775000-7ffd83778000 r--p 00000000 00:00 0                          [vvar]
7ffd83778000-7ffd8377a000 r-xp 00000000 00:00 0                          [vdso]


VM Arguments:
java_command: /home/joonas/dev/odoo/venv/lib/python3.7/site-packages/jingtrang/jing.jar /home/joonas/dev/odoo/odoo/import_xml.rng /home/joonas/dev/odoo/addons/stock/wizard/stock_picking_file.xml
java_class_path (initial): /home/joonas/dev/odoo/venv/lib/python3.7/site-packages/jingtrang/jing.jar
Launcher Type: SUN_STANDARD

[Global flags]
     bool UseCompressedOops                        = true                                 {lp64_product} {ergonomic}
     bool UseCompressedClassPointers               = true                                 {lp64_product} {ergonomic}
     intx CICompilerCount                          = 3                                         {product} {ergonomic}
   size_t MinHeapDeltaBytes                        = 1048576                                   {product} {ergonomic}
     bool SegmentedCodeCache                       = true                                      {product} {ergonomic}
    uintx ReservedCodeCacheSize                    = 251658240                              {pd product} {ergonomic}
    uintx NonProfiledCodeHeapSize                  = 122913754                              {pd product} {ergonomic}
    uintx ProfiledCodeHeapSize                     = 122913754                              {pd product} {ergonomic}
    uintx NonNMethodCodeHeapSize                   = 5830732                                {pd product} {ergonomic}
   size_t G1HeapRegionSize                         = 1048576                                   {product} {ergonomic}
     uint G1ConcRefinementThreads                  = 4                                         {product} {ergonomic}
     bool UseG1GC                                  = true                                      {product} {ergonomic}
     uint ConcGCThreads                            = 1                                         {product} {ergonomic}
   size_t 